Input: Value -7       Radix 10       Operand Size 4      
Output:			 Value             	 Maximum           	 Minimum
Binary (abs)		 0b0111            	 0b1111            	 0b0000            
Octal (abs)		 07                	 017               	 0                 
Decimal (abs)		 7                 	 15                	 0                 
Hexadecimal (abs)	 0X7               	 0XF               	 0                 
Signed One's Complement	 0b1000            	 0b0111            	 0b1000            
Signed Two's Complement	 0b1001            	 0b0111            	 0b1000            
Sign-Magnitude		 0b1111            	 0b0111            	 0b1111            


Input: Value -7       Radix 9        Operand Size 4      
ERROR: Invalid radix
Output:			 Value             	 Maximum           	 Minimum
Binary (abs)		 ERROR             	 0b1111            	 0b0000            
Octal (abs)		 ERROR             	 017               	 0                 
Decimal (abs)		 ERROR             	 15                	 0                 
Hexadecimal (abs)	 ERROR             	 0XF               	 0                 
Signed One's Complement	 ERROR             	 0b0111            	 0b1000            
Signed Two's Complement	 ERROR             	 0b0111            	 0b1000            
Sign-Magnitude		 ERROR             	 0b0111            	 0b0111            


Input: Value -7       Radix 10       Operand Size 5      
ERROR: Invalid operand size
Output:			 Value             	 Maximum           	 Minimum
Binary (abs)		 ERROR             	 ERROR             	 ERROR             
Octal (abs)		 ERROR             	 ERROR             	 ERROR             
Decimal (abs)		 ERROR             	 ERROR             	 ERROR             
Hexadecimal (abs)	 ERROR             	 ERROR             	 ERROR             
Signed One's Complement	 ERROR             	 ERROR             	 ERROR             
Signed Two's Complement	 ERROR             	 ERROR             	 ERROR             
Sign-Magnitude		 ERROR             	 ERROR             	 ERROR             


Input: Value -10      Radix 10       Operand Size 4      
ERROR: Value outside bounds for signed numbers of operand size
Output:			 Value             	 Maximum           	 Minimum
Binary (abs)		 0b1010            	 0b1111            	 0b0000            
Octal (abs)		 012               	 017               	 0                 
Decimal (abs)		 10                	 15                	 0                 
Hexadecimal (abs)	 0XA               	 0XF               	 0                 
Signed One's Complement	 ERROR             	 0b0111            	 0b1000            
Signed Two's Complement	 ERROR             	 0b0111            	 0b1000            
Sign-Magnitude		 ERROR             	 0b0111            	 0b1111            


Input: Value 236      Radix 10       Operand Size 8      
ERROR: Value outside bounds for signed numbers of operand size
Output:			 Value             	 Maximum           	 Minimum
Binary (abs)		 0b11101100        	 0b11111111        	 0b00000000        
Octal (abs)		 0354              	 0377              	 0                 
Decimal (abs)		 236               	 255               	 0                 
Hexadecimal (abs)	 0XEC              	 0XFF              	 0                 
Signed One's Complement	 ERROR             	 0b01111111        	 0b10000000        
Signed Two's Complement	 ERROR             	 0b01111111        	 0b10000000        
Sign-Magnitude		 ERROR             	 0b01111111        	 0b11111111        


Input: Value 0354     Radix 8        Operand Size 8      
ERROR: Value outside bounds for signed numbers of operand size
Output:			 Value             	 Maximum           	 Minimum
Binary (abs)		 0b11101100        	 0b11111111        	 0b00000000        
Octal (abs)		 0354              	 0377              	 0                 
Decimal (abs)		 236               	 255               	 0                 
Hexadecimal (abs)	 0XEC              	 0XFF              	 0                 
Signed One's Complement	 ERROR             	 0b01111111        	 0b10000000        
Signed Two's Complement	 ERROR             	 0b01111111        	 0b10000000        
Sign-Magnitude		 ERROR             	 0b01111111        	 0b11111111        


Input: Value 0xEB     Radix 16       Operand Size 8      
ERROR: Value outside bounds for signed numbers of operand size
Output:			 Value             	 Maximum           	 Minimum
Binary (abs)		 0b11101011        	 0b11111111        	 0b00000000        
Octal (abs)		 0353              	 0377              	 0                 
Decimal (abs)		 235               	 255               	 0                 
Hexadecimal (abs)	 0XEB              	 0XFF              	 0                 
Signed One's Complement	 ERROR             	 0b01111111        	 0b10000000        
Signed Two's Complement	 ERROR             	 0b01111111        	 0b10000000        
Sign-Magnitude		 ERROR             	 0b01111111        	 0b11111111        


Input: Value -125     Radix 10       Operand Size 8      
Output:			 Value             	 Maximum           	 Minimum
Binary (abs)		 0b01111101        	 0b11111111        	 0b00000000        
Octal (abs)		 0175              	 0377              	 0                 
Decimal (abs)		 125               	 255               	 0                 
Hexadecimal (abs)	 0X7D              	 0XFF              	 0                 
Signed One's Complement	 0b10000010        	 0b01111111        	 0b10000000        
Signed Two's Complement	 0b10000011        	 0b01111111        	 0b10000000        
Sign-Magnitude		 0b11111101        	 0b01111111        	 0b11111111        


Input: Value 65400    Radix 10       Operand Size 8      
ERROR: Value too large for operand size
Output:			 Value             	 Maximum           	 Minimum
Binary (abs)		 ERROR             	 0b11111111        	 0b00000000        
Octal (abs)		 ERROR             	 0377              	 0                 
Decimal (abs)		 ERROR             	 255               	 0                 
Hexadecimal (abs)	 ERROR             	 0XFF              	 0                 
Signed One's Complement	 ERROR             	 0b01111111        	 0b10000000        
Signed Two's Complement	 ERROR             	 0b01111111        	 0b10000000        
Sign-Magnitude		 ERROR             	 0b01111111        	 0b01111111        


Input: Value 65400    Radix 10       Operand Size 16     
ERROR: Value outside bounds for signed numbers of operand size
Output:			 Value             	 Maximum           	 Minimum
Binary (abs)		 0b1111111101111000	 0b1111111111111111ÿÿ	 0b0000000000000000@
Octal (abs)		 0177570           	 0177777           	 0                 
Decimal (abs)		 65400             	 65535             	 0                 
Hexadecimal (abs)	 0XFF78            	 0XFFFF            	 0                 
Signed One's Complement	 ERROR             	 0b0111111111111111ÿÿ	 0b1000000000000000@
Signed Two's Complement	 ERROR             	 0b0111111111111111ÿÿ	 0b1000000000000000@
Sign-Magnitude		 ERROR             	 0b0111111111111111ÿÿ	 0b1111111111111111@


Input: Value -32701   Radix 10       Operand Size 16     
Output:			 Value             	 Maximum           	 Minimum
Binary (abs)		 0b0111111110111101	 0b1111111111111111CII	 0b0000000000000000
Octal (abs)		 077675            	 0177777           	 0                 
Decimal (abs)		 32701             	 65535             	 0                 
Hexadecimal (abs)	 0X7FBD            	 0XFFFF            	 0                 
Signed One's Complement	 0b1000000001000010	 0b0111111111111111CII	 0b1000000000000000
Signed Two's Complement	 0b1000000001000011	 0b0111111111111111CII	 0b1000000000000000
Sign-Magnitude		 0b1111111110111101	 0b0111111111111111CII	 0b1111111111111111
